<?xml version="1.0" encoding="UTF-8"?>
<!-- Generated by org.testng.reporters.JUnitReportReporter -->
<testsuite hostname="DESKTOP-OISBMEL" failures="0" tests="1" name="taskN_3.test.TotalEstimatedMonthlyCostCheckTest" time="31.957" errors="0" timestamp="2021-02-22T14:25:38 MSK" skipped="0">
  <testcase classname="taskN_3.test.TotalEstimatedMonthlyCostCheckTest" name="test" time="31.957"/>
  <system-out/>
</testsuite> <!-- taskN_3.test.TotalEstimatedMonthlyCostCheckTest -->
