<?xml version="1.0" encoding="UTF-8"?>
<!-- Generated by org.testng.reporters.JUnitReportReporter -->
<testsuite hostname="DESKTOP-OISBMEL" failures="0" tests="1" name="taskN_3.test.TotalEstimatedMonthlyCostCheckTest" time="38.776" errors="0" timestamp="2021-02-25T12:22:43 MSK" skipped="0">
  <testcase classname="taskN_3.test.TotalEstimatedMonthlyCostCheckTest" name="test" time="38.776"/>
  <system-out/>
</testsuite> <!-- taskN_3.test.TotalEstimatedMonthlyCostCheckTest -->
